[INFO] Scanning for projects...
[INFO] 
[INFO] ------------------< com.hm:hotel-management-backend >-------------------
[INFO] Building hotel-management-backend 0.0.1-SNAPSHOT
[INFO]   from pom.xml
[INFO] --------------------------------[ jar ]---------------------------------
[INFO] 
[INFO] >>> spring-boot:3.3.5:run (default-cli) > test-compile @ hotel-management-backend >>>
[INFO] 
[INFO] --- resources:3.3.1:resources (default-resources) @ hotel-management-backend ---
[INFO] Copying 1 resource from src\main\resources to target\classes
[INFO] Copying 0 resource from src\main\resources to target\classes
[INFO] 
[INFO] --- compiler:3.13.0:compile (default-compile) @ hotel-management-backend ---
[INFO] Nothing to compile - all classes are up to date.
[INFO] 
[INFO] --- resources:3.3.1:testResources (default-testResources) @ hotel-management-backend ---
[INFO] skip non existing resourceDirectory C:\Users\Lenovo\Desktop\HMLATEST843\backend\src\test\resources
[INFO] 
[INFO] --- compiler:3.13.0:testCompile (default-testCompile) @ hotel-management-backend ---
[INFO] No sources to compile
[INFO] 
[INFO] <<< spring-boot:3.3.5:run (default-cli) < test-compile @ hotel-management-backend <<<
[INFO] 
[INFO] 
[INFO] --- spring-boot:3.3.5:run (default-cli) @ hotel-management-backend ---
[INFO] Attaching agents: []

  .   ____          _            __ _ _
 /\\ / ___'_ __ _ _(_)_ __  __ _ \ \ \ \
( ( )\___ | '_ | '_| | '_ \/ _` | \ \ \ \
 \\/  ___)| |_)| | | | | || (_| |  ) ) ) )
  '  |____| .__|_| |_|_| |_\__, | / / / /
 =========|_|==============|___/=/_/_/_/

 :: Spring Boot ::                (v3.3.5)

2026-05-14T00:56:08.685+05:30  INFO 36600 --- [hotel-management-backend] [           main] c.h.b.HotelManagementBackendApplication  : Starting HotelManagementBackendApplication using Java 21.0.10 with PID 36600 (C:\Users\Lenovo\Desktop\HMLATEST843\backend\target\classes started by Lenovo in C:\Users\Lenovo\Desktop\HMLATEST843\backend)
2026-05-14T00:56:08.691+05:30  INFO 36600 --- [hotel-management-backend] [           main] c.h.b.HotelManagementBackendApplication  : No active profile set, falling back to 1 default profile: "default"
2026-05-14T00:56:09.808+05:30  INFO 36600 --- [hotel-management-backend] [           main] o.s.b.w.embedded.tomcat.TomcatWebServer  : Tomcat initialized with port 8080 (http)
2026-05-14T00:56:09.825+05:30  INFO 36600 --- [hotel-management-backend] [           main] o.apache.catalina.core.StandardService   : Starting service [Tomcat]
2026-05-14T00:56:09.825+05:30  INFO 36600 --- [hotel-management-backend] [           main] o.apache.catalina.core.StandardEngine    : Starting Servlet engine: [Apache Tomcat/10.1.31]
2026-05-14T00:56:09.889+05:30  INFO 36600 --- [hotel-management-backend] [           main] o.a.c.c.C.[Tomcat].[localhost].[/]       : Initializing Spring embedded WebApplicationContext
2026-05-14T00:56:09.890+05:30  INFO 36600 --- [hotel-management-backend] [           main] w.s.c.ServletWebServerApplicationContext : Root WebApplicationContext: initialization completed in 1136 ms
2026-05-14T00:56:10.357+05:30  INFO 36600 --- [hotel-management-backend] [           main] o.s.b.w.embedded.tomcat.TomcatWebServer  : Tomcat started on port 8080 (http) with context path '/'
2026-05-14T00:56:10.363+05:30  INFO 36600 --- [hotel-management-backend] [           main] c.h.b.HotelManagementBackendApplication  : Started HotelManagementBackendApplication in 2.103 seconds (process running for 2.422)
2026-05-14T00:56:25.658+05:30  INFO 36600 --- [hotel-management-backend] [nio-8080-exec-1] o.a.c.c.C.[Tomcat].[localhost].[/]       : Initializing Spring DispatcherServlet 'dispatcherServlet'
2026-05-14T00:56:25.659+05:30  INFO 36600 --- [hotel-management-backend] [nio-8080-exec-1] o.s.web.servlet.DispatcherServlet        : Initializing Servlet 'dispatcherServlet'
2026-05-14T00:56:25.661+05:30  INFO 36600 --- [hotel-management-backend] [nio-8080-exec-1] o.s.web.servlet.DispatcherServlet        : Completed initialization in 1 ms
2026-05-14T00:56:25.778+05:30  INFO 36600 --- [hotel-management-backend] [nio-8080-exec-1] com.zaxxer.hikari.HikariDataSource       : HikariPool-1 - Starting...
2026-05-14T00:56:25.964+05:30  INFO 36600 --- [hotel-management-backend] [nio-8080-exec-1] com.zaxxer.hikari.pool.HikariPool        : HikariPool-1 - Added connection com.mysql.cj.jdbc.ConnectionImpl@253fac6c
2026-05-14T00:56:25.966+05:30  INFO 36600 --- [hotel-management-backend] [nio-8080-exec-1] com.zaxxer.hikari.HikariDataSource       : HikariPool-1 - Start completed.
[INFO] ------------------------------------------------------------------------
[INFO] BUILD FAILURE
[INFO] ------------------------------------------------------------------------
[INFO] Total time:  05:08 min
[INFO] Finished at: 2026-05-14T01:01:13+05:30
[INFO] ------------------------------------------------------------------------
[ERROR] Failed to execute goal org.springframework.boot:spring-boot-maven-plugin:3.3.5:run (default-cli) on project hotel-management-backend: Process terminated with exit code: -1 -> [Help 1]
[ERROR] 
[ERROR] To see the full stack trace of the errors, re-run Maven with the -e switch.
[ERROR] Re-run Maven using the -X switch to enable full debug logging.
[ERROR] 
[ERROR] For more information about the errors and possible solutions, please read the following articles:
[ERROR] [Help 1] http://cwiki.apache.org/confluence/display/MAVEN/MojoExecutionException
